
> n8n-monorepo@2.11.0 build /Users/miloradfilipovic/workspace/n8n
> turbo run build --filter=@n8n/ai-workflow-builder

• turbo 2.8.9
• Packages in scope: @n8n/ai-workflow-builder
• Running build in 1 packages
• Remote caching disabled
@n8n/di:build: cache hit, replaying logs 66decf14c5ab9ece
@n8n/di:build: 
@n8n/di:build: > @n8n/di@0.10.0 build /Users/miloradfilipovic/workspace/n8n/packages/@n8n/di
@n8n/di:build: > tsc -p tsconfig.build.json
@n8n/di:build: 
@n8n/vitest-config:build: cache hit, replaying logs 88020eef7cfe593f
@n8n/vitest-config:build: 
@n8n/vitest-config:build: > @n8n/vitest-config@1.7.0 build /Users/miloradfilipovic/workspace/n8n/packages/@n8n/vitest-config
@n8n/vitest-config:build: > tsc -p tsconfig.build.json
@n8n/vitest-config:build: 
@n8n/errors:build: cache hit, replaying logs 9656d337653c7445
@n8n/errors:build: 
@n8n/errors:build: > @n8n/errors@0.6.0 build /Users/miloradfilipovic/workspace/n8n/packages/@n8n/errors
@n8n/errors:build: > tsc -p tsconfig.build.json
@n8n/errors:build: 
@n8n/constants:build: cache hit, replaying logs ea9ab07fb879c2eb
@n8n/constants:build: 
@n8n/constants:build: > @n8n/constants@0.19.0 build /Users/miloradfilipovic/workspace/n8n/packages/@n8n/constants
@n8n/constants:build: > tsc -p tsconfig.build.json
@n8n/constants:build: 
@n8n/permissions:build: cache hit, replaying logs ddb02180e710ce3b
@n8n/permissions:build: 
@n8n/permissions:build: > @n8n/permissions@0.52.0 build /Users/miloradfilipovic/workspace/n8n/packages/@n8n/permissions
@n8n/permissions:build: > tsc -p tsconfig.build.json
@n8n/permissions:build: 
@n8n/eslint-config:build: cache hit, replaying logs 1e4b45245dbae77c
@n8n/eslint-config:build: 
@n8n/eslint-config:build: > @n8n/eslint-config@0.0.1 build /Users/miloradfilipovic/workspace/n8n/packages/@n8n/eslint-config
@n8n/eslint-config:build: > tsc
@n8n/eslint-config:build: 
@n8n/config:build: cache hit, replaying logs 6e89fb66f0c69c29
@n8n/config:build: 
@n8n/config:build: > @n8n/config@2.10.0 build /Users/miloradfilipovic/workspace/n8n/packages/@n8n/config
@n8n/config:build: > tsc -p tsconfig.build.json
@n8n/config:build: 
@n8n/utils:build: cache hit, replaying logs f5f60f18069b1862
@n8n/utils:build: 
@n8n/utils:build: > @n8n/utils@1.25.0 build /Users/miloradfilipovic/workspace/n8n/packages/@n8n/utils
@n8n/utils:build: > tsdown
@n8n/utils:build: 
@n8n/utils:build: [34mℹ[39m tsdown [2mv0.16.5[22m powered by rolldown [2mv1.0.0-beta.50[22m
@n8n/utils:build: [34mℹ[39m Using tsdown config: [4m/Users/miloradfilipovic/workspace/n8n/packages/@n8n/utils/tsdown.config.ts[24m
@n8n/utils:build: [34mℹ[39m entry: [34msrc/assert.ts, src/event-bus.ts, src/event-queue.ts, src/index.ts, src/retry.ts, src/workflowId.ts, src/files/path.ts, src/files/sanitize.ts, src/number/smartDecimal.ts, src/string/truncate.ts, src/sort/sortByProperty.ts, src/search/reRankSearchResults.ts, src/search/sublimeSearch.ts[39m
@n8n/utils:build: [34mℹ[39m tsconfig: [34mtsconfig.json[39m
@n8n/utils:build: [34mℹ[39m Build start
@n8n/utils:build: [34mℹ[39m [33m[CJS][39m [2mdist/[22m[1mindex.cjs[22m                       [2m 1.49 kB[22m [2m│ gzip: 0.38 kB[22m
@n8n/utils:build: [34mℹ[39m [33m[CJS][39m [2mdist/[22m[1msearch/sublimeSearch.cjs[22m        [2m 0.18 kB[22m [2m│ gzip: 0.10 kB[22m
@n8n/utils:build: [34mℹ[39m [33m[CJS][39m [2mdist/[22m[1mstring/truncate.cjs[22m             [2m 0.17 kB[22m [2m│ gzip: 0.09 kB[22m
@n8n/utils:build: [34mℹ[39m [33m[CJS][39m [2mdist/[22m[1msearch/reRankSearchResults.cjs[22m  [2m 0.15 kB[22m [2m│ gzip: 0.09 kB[22m
@n8n/utils:build: [34mℹ[39m [33m[CJS][39m [2mdist/[22m[1msort/sortByProperty.cjs[22m         [2m 0.13 kB[22m [2m│ gzip: 0.08 kB[22m
@n8n/utils:build: [34mℹ[39m [33m[CJS][39m [2mdist/[22m[1mevent-queue.cjs[22m                 [2m 0.12 kB[22m [2m│ gzip: 0.09 kB[22m
@n8n/utils:build: [34mℹ[39m [33m[CJS][39m [2mdist/[22m[1mnumber/smartDecimal.cjs[22m         [2m 0.12 kB[22m [2m│ gzip: 0.08 kB[22m
@n8n/utils:build: [34mℹ[39m [33m[CJS][39m [2mdist/[22m[1mworkflowId.cjs[22m                  [2m 0.12 kB[22m [2m│ gzip: 0.09 kB[22m
@n8n/utils:build: [34mℹ[39m [33m[CJS][39m [2mdist/[22m[1mfiles/sanitize.cjs[22m              [2m 0.12 kB[22m [2m│ gzip: 0.09 kB[22m
@n8n/utils:build: [34mℹ[39m [33m[CJS][39m [2mdist/[22m[1mevent-bus.cjs[22m                   [2m 0.11 kB[22m [2m│ gzip: 0.09 kB[22m
@n8n/utils:build: [34mℹ[39m [33m[CJS][39m [2mdist/[22m[1mfiles/path.cjs[22m                  [2m 0.10 kB[22m [2m│ gzip: 0.09 kB[22m
@n8n/utils:build: [34mℹ[39m [33m[CJS][39m [2mdist/[22m[1massert.cjs[22m                      [2m 0.09 kB[22m [2m│ gzip: 0.07 kB[22m
@n8n/utils:build: [34mℹ[39m [33m[CJS][39m [2mdist/[22m[1mretry.cjs[22m                       [2m 0.08 kB[22m [2m│ gzip: 0.07 kB[22m
@n8n/utils:build: [34mℹ[39m [33m[CJS][39m [2mdist/[22msublimeSearch.cjs.map           [2m11.66 kB[22m [2m│ gzip: 3.92 kB[22m
@n8n/utils:build: [34mℹ[39m [33m[CJS][39m [2mdist/[22msublimeSearch.cjs               [2m 5.53 kB[22m [2m│ gzip: 1.80 kB[22m
@n8n/utils:build: [34mℹ[39m [33m[CJS][39m [2mdist/[22mevent-bus2.cjs.map              [2m 2.93 kB[22m [2m│ gzip: 0.99 kB[22m
@n8n/utils:build: [34mℹ[39m [33m[CJS][39m [2mdist/[22msanitize.cjs.map                [2m 2.91 kB[22m [2m│ gzip: 1.25 kB[22m
@n8n/utils:build: [34mℹ[39m [33m[CJS][39m [2mdist/[22mtruncate.cjs.map                [2m 2.60 kB[22m [2m│ gzip: 1.08 kB[22m
@n8n/utils:build: [34mℹ[39m [33m[CJS][39m [2mdist/[22mretry2.cjs.map                  [2m 2.35 kB[22m [2m│ gzip: 1.05 kB[22m
@n8n/utils:build: [34mℹ[39m [33m[CJS][39m [2mdist/[22msanitize.cjs                    [2m 1.91 kB[22m [2m│ gzip: 0.90 kB[22m
@n8n/utils:build: [34mℹ[39m [33m[CJS][39m [2mdist/[22mevent-queue2.cjs.map            [2m 1.75 kB[22m [2m│ gzip: 0.83 kB[22m
@n8n/utils:build: [34mℹ[39m [33m[CJS][39m [2mdist/[22mtruncate.cjs                    [2m 1.67 kB[22m [2m│ gzip: 0.70 kB[22m
@n8n/utils:build: [34mℹ[39m [33m[CJS][39m [2mdist/[22mretry2.cjs                      [2m 1.54 kB[22m [2m│ gzip: 0.71 kB[22m
@n8n/utils:build: [34mℹ[39m [33m[CJS][39m [2mdist/[22mreRankSearchResults.cjs.map     [2m 1.27 kB[22m [2m│ gzip: 0.63 kB[22m
@n8n/utils:build: [34mℹ[39m [33m[CJS][39m [2mdist/[22mevent-bus2.cjs                  [2m 1.11 kB[22m [2m│ gzip: 0.52 kB[22m
@n8n/utils:build: [34mℹ[39m [33m[CJS][39m [2mdist/[22mevent-queue2.cjs                [2m 1.10 kB[22m [2m│ gzip: 0.53 kB[22m
@n8n/utils:build: [34mℹ[39m [33m[CJS][39m [2mdist/[22mworkflowId2.cjs.map             [2m 0.82 kB[22m [2m│ gzip: 0.48 kB[22m
@n8n/utils:build: [34mℹ[39m [33m[CJS][39m [2mdist/[22mworkflowId2.cjs                 [2m 0.81 kB[22m [2m│ gzip: 0.49 kB[22m
@n8n/utils:build: [34mℹ[39m [33m[CJS][39m [2mdist/[22msortByProperty.cjs.map          [2m 0.67 kB[22m [2m│ gzip: 0.41 kB[22m
@n8n/utils:build: [34mℹ[39m [33m[CJS][39m [2mdist/[22mreRankSearchResults.cjs         [2m 0.65 kB[22m [2m│ gzip: 0.34 kB[22m
@n8n/utils:build: [34mℹ[39m [33m[CJS][39m [2mdist/[22msmartDecimal.cjs.map            [2m 0.63 kB[22m [2m│ gzip: 0.37 kB[22m
@n8n/utils:build: [34mℹ[39m [33m[CJS][39m [2mdist/[22msortByProperty.cjs              [2m 0.47 kB[22m [2m│ gzip: 0.30 kB[22m
@n8n/utils:build: [34mℹ[39m [33m[CJS][39m [2mdist/[22massert2.cjs.map                 [2m 0.46 kB[22m [2m│ gzip: 0.33 kB[22m
@n8n/utils:build: [34mℹ[39m [33m[CJS][39m [2mdist/[22msmartDecimal.cjs                [2m 0.42 kB[22m [2m│ gzip: 0.28 kB[22m
@n8n/utils:build: [34mℹ[39m [33m[CJS][39m [2mdist/[22mpath.cjs                        [2m 0.37 kB[22m [2m│ gzip: 0.28 kB[22m
@n8n/utils:build: [34mℹ[39m [33m[CJS][39m [2mdist/[22mpath.cjs.map                    [2m 0.36 kB[22m [2m│ gzip: 0.28 kB[22m
@n8n/utils:build: [34mℹ[39m [33m[CJS][39m [2mdist/[22massert2.cjs                     [2m 0.32 kB[22m [2m│ gzip: 0.24 kB[22m
@n8n/utils:build: [34mℹ[39m [33m[CJS][39m 37 files, total: 47.31 kB
@n8n/utils:build: [34mℹ[39m [34m[ESM][39m [2mdist/[22m[1mindex.mjs[22m                         [2m 0.93 kB[22m [2m│ gzip: 0.32 kB[22m
@n8n/utils:build: [34mℹ[39m [34m[ESM][39m [2mdist/[22m[1msearch/sublimeSearch.mjs[22m          [2m 0.12 kB[22m [2m│ gzip: 0.10 kB[22m
@n8n/utils:build: [34mℹ[39m [34m[ESM][39m [2mdist/[22m[1mstring/truncate.mjs[22m               [2m 0.12 kB[22m [2m│ gzip: 0.09 kB[22m
@n8n/utils:build: [34mℹ[39m [34m[ESM][39m [2mdist/[22m[1msearch/reRankSearchResults.mjs[22m    [2m 0.10 kB[22m [2m│ gzip: 0.08 kB[22m
@n8n/utils:build: [34mℹ[39m [34m[ESM][39m [2mdist/[22m[1mevent-queue.mjs[22m                   [2m 0.09 kB[22m [2m│ gzip: 0.08 kB[22m
@n8n/utils:build: [34mℹ[39m [34m[ESM][39m [2mdist/[22m[1msort/sortByProperty.mjs[22m           [2m 0.09 kB[22m [2m│ gzip: 0.08 kB[22m
@n8n/utils:build: [34mℹ[39m [34m[ESM][39m [2mdist/[22m[1mfiles/sanitize.mjs[22m                [2m 0.09 kB[22m [2m│ gzip: 0.08 kB[22m
@n8n/utils:build: [34mℹ[39m [34m[ESM][39m [2mdist/[22m[1mfiles/path.mjs[22m                    [2m 0.08 kB[22m [2m│ gzip: 0.08 kB[22m
@n8n/utils:build: [34mℹ[39m [34m[ESM][39m [2mdist/[22m[1mworkflowId.mjs[22m                    [2m 0.08 kB[22m [2m│ gzip: 0.09 kB[22m
@n8n/utils:build: [34mℹ[39m [34m[ESM][39m [2mdist/[22m[1mevent-bus.mjs[22m                     [2m 0.08 kB[22m [2m│ gzip: 0.08 kB[22m
@n8n/utils:build: [34mℹ[39m [34m[ESM][39m [2mdist/[22m[1mnumber/smartDecimal.mjs[22m           [2m 0.08 kB[22m [2m│ gzip: 0.07 kB[22m
@n8n/utils:build: [34mℹ[39m [34m[ESM][39m [2mdist/[22m[1massert.mjs[22m                        [2m 0.06 kB[22m [2m│ gzip: 0.07 kB[22m
@n8n/utils:build: [34mℹ[39m [34m[ESM][39m [2mdist/[22m[1mretry.mjs[22m                         [2m 0.06 kB[22m [2m│ gzip: 0.07 kB[22m
@n8n/utils:build: [34mℹ[39m [34m[ESM][39m [2mdist/[22msublimeSearch.mjs.map             [2m11.66 kB[22m [2m│ gzip: 3.92 kB[22m
@n8n/utils:build: [34mℹ[39m [34m[ESM][39m [2mdist/[22msublimeSearch.mjs                 [2m 5.33 kB[22m [2m│ gzip: 1.75 kB[22m
@n8n/utils:build: [34mℹ[39m [34m[ESM][39m [2mdist/[22mevent-bus2.mjs.map                [2m 2.93 kB[22m [2m│ gzip: 0.99 kB[22m
@n8n/utils:build: [34mℹ[39m [34m[ESM][39m [2mdist/[22msanitize.mjs.map                  [2m 2.91 kB[22m [2m│ gzip: 1.25 kB[22m
@n8n/utils:build: [34mℹ[39m [34m[ESM][39m [2mdist/[22mtruncate.mjs.map                  [2m 2.60 kB[22m [2m│ gzip: 1.08 kB[22m
@n8n/utils:build: [34mℹ[39m [34m[ESM][39m [2mdist/[22mretry2.mjs.map                    [2m 2.35 kB[22m [2m│ gzip: 1.05 kB[22m
@n8n/utils:build: [34mℹ[39m [34m[ESM][39m [2mdist/[22msanitize.mjs                      [2m 1.82 kB[22m [2m│ gzip: 0.84 kB[22m
@n8n/utils:build: [34mℹ[39m [34m[ESM][39m [2mdist/[22mevent-queue2.mjs.map              [2m 1.75 kB[22m [2m│ gzip: 0.83 kB[22m
@n8n/utils:build: [34mℹ[39m [34m[ESM][39m [2mdist/[22mtruncate.mjs                      [2m 1.47 kB[22m [2m│ gzip: 0.65 kB[22m
@n8n/utils:build: [34mℹ[39m [34m[ESM][39m [2mdist/[22mretry2.mjs                        [2m 1.45 kB[22m [2m│ gzip: 0.67 kB[22m
@n8n/utils:build: [34mℹ[39m [34m[ESM][39m [2mdist/[22mreRankSearchResults.mjs.map       [2m 1.27 kB[22m [2m│ gzip: 0.63 kB[22m
@n8n/utils:build: [34mℹ[39m [34m[ESM][39m [2mdist/[22mevent-bus2.mjs                    [2m 1.02 kB[22m [2m│ gzip: 0.47 kB[22m
@n8n/utils:build: [34mℹ[39m [34m[ESM][39m [2mdist/[22mevent-queue2.mjs                  [2m 1.00 kB[22m [2m│ gzip: 0.48 kB[22m
@n8n/utils:build: [34mℹ[39m [34m[ESM][39m [2mdist/[22mworkflowId2.mjs.map               [2m 0.81 kB[22m [2m│ gzip: 0.48 kB[22m
@n8n/utils:build: [34mℹ[39m [34m[ESM][39m [2mdist/[22mworkflowId2.mjs                   [2m 0.69 kB[22m [2m│ gzip: 0.43 kB[22m
@n8n/utils:build: [34mℹ[39m [34m[ESM][39m [2mdist/[22msortByProperty.mjs.map            [2m 0.67 kB[22m [2m│ gzip: 0.41 kB[22m
@n8n/utils:build: [34mℹ[39m [34m[ESM][39m [2mdist/[22msmartDecimal.mjs.map              [2m 0.63 kB[22m [2m│ gzip: 0.37 kB[22m
@n8n/utils:build: [34mℹ[39m [34m[ESM][39m [2mdist/[22mreRankSearchResults.mjs           [2m 0.55 kB[22m [2m│ gzip: 0.30 kB[22m
@n8n/utils:build: [34mℹ[39m [34m[ESM][39m [2mdist/[22massert2.mjs.map                   [2m 0.46 kB[22m [2m│ gzip: 0.33 kB[22m
@n8n/utils:build: [34mℹ[39m [34m[ESM][39m [2mdist/[22msortByProperty.mjs                [2m 0.38 kB[22m [2m│ gzip: 0.25 kB[22m
@n8n/utils:build: [34mℹ[39m [34m[ESM][39m [2mdist/[22mpath.mjs.map                      [2m 0.36 kB[22m [2m│ gzip: 0.28 kB[22m
@n8n/utils:build: [34mℹ[39m [34m[ESM][39m [2mdist/[22msmartDecimal.mjs                  [2m 0.33 kB[22m [2m│ gzip: 0.22 kB[22m
@n8n/utils:build: [34mℹ[39m [34m[ESM][39m [2mdist/[22mpath.mjs                          [2m 0.27 kB[22m [2m│ gzip: 0.22 kB[22m
@n8n/utils:build: [34mℹ[39m [34m[ESM][39m [2mdist/[22massert2.mjs                       [2m 0.24 kB[22m [2m│ gzip: 0.19 kB[22m
@n8n/utils:build: [34mℹ[39m [34m[ESM][39m [2mdist/[22m[32m[1mindex.d.mts[22m[39m                       [2m 0.98 kB[22m [2m│ gzip: 0.34 kB[22m
@n8n/utils:build: [34mℹ[39m [34m[ESM][39m [2mdist/[22m[32m[1mevent-bus.d.mts[22m[39m                   [2m 0.14 kB[22m [2m│ gzip: 0.11 kB[22m
@n8n/utils:build: [34mℹ[39m [34m[ESM][39m [2mdist/[22m[32m[1msearch/sublimeSearch.d.mts[22m[39m        [2m 0.12 kB[22m [2m│ gzip: 0.10 kB[22m
@n8n/utils:build: [34mℹ[39m [34m[ESM][39m [2mdist/[22m[32m[1mstring/truncate.d.mts[22m[39m             [2m 0.11 kB[22m [2m│ gzip: 0.09 kB[22m
@n8n/utils:build: [34mℹ[39m [34m[ESM][39m [2mdist/[22m[32m[1msearch/reRankSearchResults.d.mts[22m[39m  [2m 0.10 kB[22m [2m│ gzip: 0.08 kB[22m
@n8n/utils:build: [34mℹ[39m [34m[ESM][39m [2mdist/[22m[32m[1mevent-queue.d.mts[22m[39m                 [2m 0.09 kB[22m [2m│ gzip: 0.08 kB[22m
@n8n/utils:build: [34mℹ[39m [34m[ESM][39m [2mdist/[22m[32m[1msort/sortByProperty.d.mts[22m[39m         [2m 0.09 kB[22m [2m│ gzip: 0.08 kB[22m
@n8n/utils:build: [34mℹ[39m [34m[ESM][39m [2mdist/[22m[32m[1mfiles/sanitize.d.mts[22m[39m              [2m 0.09 kB[22m [2m│ gzip: 0.08 kB[22m
@n8n/utils:build: [34mℹ[39m [34m[ESM][39m [2mdist/[22m[32m[1mfiles/path.d.mts[22m[39m                  [2m 0.08 kB[22m [2m│ gzip: 0.08 kB[22m
@n8n/utils:build: [34mℹ[39m [34m[ESM][39m [2mdist/[22m[32m[1mworkflowId.d.mts[22m[39m                  [2m 0.08 kB[22m [2m│ gzip: 0.08 kB[22m
@n8n/utils:build: [34mℹ[39m [34m[ESM][39m [2mdist/[22m[32m[1mnumber/smartDecimal.d.mts[22m[39m         [2m 0.08 kB[22m [2m│ gzip: 0.07 kB[22m
@n8n/utils:build: [34mℹ[39m [34m[ESM][39m [2mdist/[22m[32m[1massert.d.mts[22m[39m                      [2m 0.06 kB[22m [2m│ gzip: 0.07 kB[22m
@n8n/utils:build: [34mℹ[39m [34m[ESM][39m [2mdist/[22m[32m[1mretry.d.mts[22m[39m                       [2m 0.06 kB[22m [2m│ gzip: 0.07 kB[22m
@n8n/utils:build: [34mℹ[39m [34m[ESM][39m [2mdist/[22m[32mevent-bus2.d.mts[39m                  [2m 0.99 kB[22m [2m│ gzip: 0.35 kB[22m
@n8n/utils:build: [34mℹ[39m [34m[ESM][39m [2mdist/[22m[32msublimeSearch.d.mts[39m               [2m 0.39 kB[22m [2m│ gzip: 0.25 kB[22m
@n8n/utils:build: [34mℹ[39m [34m[ESM][39m [2mdist/[22m[32mreRankSearchResults.d.mts[39m         [2m 0.37 kB[22m [2m│ gzip: 0.22 kB[22m
@n8n/utils:build: [34mℹ[39m [34m[ESM][39m [2mdist/[22m[32mtruncate.d.mts[39m                    [2m 0.31 kB[22m [2m│ gzip: 0.19 kB[22m
@n8n/utils:build: [34mℹ[39m [34m[ESM][39m [2mdist/[22m[32mretry2.d.mts[39m                      [2m 0.28 kB[22m [2m│ gzip: 0.22 kB[22m
@n8n/utils:build: [34mℹ[39m [34m[ESM][39m [2mdist/[22m[32mevent-queue2.d.mts[39m                [2m 0.24 kB[22m [2m│ gzip: 0.18 kB[22m
@n8n/utils:build: [34mℹ[39m [34m[ESM][39m [2mdist/[22m[32msortByProperty.d.mts[39m              [2m 0.22 kB[22m [2m│ gzip: 0.17 kB[22m
@n8n/utils:build: [34mℹ[39m [34m[ESM][39m [2mdist/[22m[32msanitize.d.mts[39m                    [2m 0.20 kB[22m [2m│ gzip: 0.16 kB[22m
@n8n/utils:build: [34mℹ[39m [34m[ESM][39m [2mdist/[22m[32msmartDecimal.d.mts[39m                [2m 0.20 kB[22m [2m│ gzip: 0.15 kB[22m
@n8n/utils:build: [34mℹ[39m [34m[ESM][39m [2mdist/[22m[32massert2.d.mts[39m                     [2m 0.18 kB[22m [2m│ gzip: 0.15 kB[22m
@n8n/utils:build: [34mℹ[39m [34m[ESM][39m [2mdist/[22m[32mworkflowId2.d.mts[39m                 [2m 0.17 kB[22m [2m│ gzip: 0.15 kB[22m
@n8n/utils:build: [34mℹ[39m [34m[ESM][39m [2mdist/[22m[32mpath.d.mts[39m                        [2m 0.17 kB[22m [2m│ gzip: 0.15 kB[22m
@n8n/utils:build: [34mℹ[39m [34m[ESM][39m 62 files, total: 50.73 kB
@n8n/utils:build: [34mℹ[39m [33m[CJS][39m [2mdist/[22m[32m[1mindex.d.cts[22m[39m                       [2m0.98 kB[22m [2m│ gzip: 0.34 kB[22m
@n8n/utils:build: [34mℹ[39m [33m[CJS][39m [2mdist/[22m[32m[1mevent-bus.d.cts[22m[39m                   [2m0.14 kB[22m [2m│ gzip: 0.11 kB[22m
@n8n/utils:build: [34mℹ[39m [33m[CJS][39m [2mdist/[22m[32m[1msearch/sublimeSearch.d.cts[22m[39m        [2m0.12 kB[22m [2m│ gzip: 0.10 kB[22m
@n8n/utils:build: [34mℹ[39m [33m[CJS][39m [2mdist/[22m[32m[1mstring/truncate.d.cts[22m[39m             [2m0.11 kB[22m [2m│ gzip: 0.09 kB[22m
@n8n/utils:build: [34mℹ[39m [33m[CJS][39m [2mdist/[22m[32m[1msearch/reRankSearchResults.d.cts[22m[39m  [2m0.10 kB[22m [2m│ gzip: 0.08 kB[22m
@n8n/utils:build: [34mℹ[39m [33m[CJS][39m [2mdist/[22m[32m[1mevent-queue.d.cts[22m[39m                 [2m0.09 kB[22m [2m│ gzip: 0.08 kB[22m
@n8n/utils:build: [34mℹ[39m [33m[CJS][39m [2mdist/[22m[32m[1msort/sortByProperty.d.cts[22m[39m         [2m0.09 kB[22m [2m│ gzip: 0.08 kB[22m
@n8n/utils:build: [34mℹ[39m [33m[CJS][39m [2mdist/[22m[32m[1mfiles/sanitize.d.cts[22m[39m              [2m0.09 kB[22m [2m│ gzip: 0.08 kB[22m
@n8n/utils:build: [34mℹ[39m [33m[CJS][39m [2mdist/[22m[32m[1mfiles/path.d.cts[22m[39m                  [2m0.08 kB[22m [2m│ gzip: 0.08 kB[22m
@n8n/utils:build: [34mℹ[39m [33m[CJS][39m [2mdist/[22m[32m[1mworkflowId.d.cts[22m[39m                  [2m0.08 kB[22m [2m│ gzip: 0.08 kB[22m
@n8n/utils:build: [34mℹ[39m [33m[CJS][39m [2mdist/[22m[32m[1mnumber/smartDecimal.d.cts[22m[39m         [2m0.08 kB[22m [2m│ gzip: 0.07 kB[22m
@n8n/utils:build: [34mℹ[39m [33m[CJS][39m [2mdist/[22m[32m[1massert.d.cts[22m[39m                      [2m0.06 kB[22m [2m│ gzip: 0.07 kB[22m
@n8n/utils:build: [34mℹ[39m [33m[CJS][39m [2mdist/[22m[32m[1mretry.d.cts[22m[39m                       [2m0.06 kB[22m [2m│ gzip: 0.07 kB[22m
@n8n/utils:build: [34mℹ[39m [33m[CJS][39m [2mdist/[22m[32mevent-bus2.d.cts[39m                  [2m0.99 kB[22m [2m│ gzip: 0.35 kB[22m
@n8n/utils:build: [34mℹ[39m [33m[CJS][39m [2mdist/[22m[32msublimeSearch.d.cts[39m               [2m0.39 kB[22m [2m│ gzip: 0.25 kB[22m
@n8n/utils:build: [34mℹ[39m [33m[CJS][39m [2mdist/[22m[32mreRankSearchResults.d.cts[39m         [2m0.37 kB[22m [2m│ gzip: 0.22 kB[22m
@n8n/utils:build: [34mℹ[39m [33m[CJS][39m [2mdist/[22m[32mtruncate.d.cts[39m                    [2m0.31 kB[22m [2m│ gzip: 0.19 kB[22m
@n8n/utils:build: [34mℹ[39m [33m[CJS][39m [2mdist/[22m[32mretry2.d.cts[39m                      [2m0.28 kB[22m [2m│ gzip: 0.22 kB[22m
@n8n/utils:build: [34mℹ[39m [33m[CJS][39m [2mdist/[22m[32mevent-queue2.d.cts[39m                [2m0.24 kB[22m [2m│ gzip: 0.18 kB[22m
@n8n/utils:build: [34mℹ[39m [33m[CJS][39m [2mdist/[22m[32msortByProperty.d.cts[39m              [2m0.22 kB[22m [2m│ gzip: 0.17 kB[22m
@n8n/utils:build: [34mℹ[39m [33m[CJS][39m [2mdist/[22m[32msanitize.d.cts[39m                    [2m0.20 kB[22m [2m│ gzip: 0.16 kB[22m
@n8n/utils:build: [34mℹ[39m [33m[CJS][39m [2mdist/[22m[32msmartDecimal.d.cts[39m                [2m0.20 kB[22m [2m│ gzip: 0.15 kB[22m
@n8n/utils:build: [34mℹ[39m [33m[CJS][39m [2mdist/[22m[32massert2.d.cts[39m                     [2m0.18 kB[22m [2m│ gzip: 0.15 kB[22m
@n8n/utils:build: [34mℹ[39m [33m[CJS][39m [2mdist/[22m[32mworkflowId2.d.cts[39m                 [2m0.17 kB[22m [2m│ gzip: 0.15 kB[22m
@n8n/utils:build: [34mℹ[39m [33m[CJS][39m [2mdist/[22m[32mpath.d.cts[39m                        [2m0.17 kB[22m [2m│ gzip: 0.15 kB[22m
@n8n/utils:build: [34mℹ[39m [33m[CJS][39m 25 files, total: 5.82 kB
@n8n/utils:build: [32m✔[39m Build complete in [32m1984ms[39m
n8n-workflow:build: cache hit, replaying logs 6c7430035991063f
n8n-workflow:build: 
n8n-workflow:build: > n8n-workflow@2.11.0 build /Users/miloradfilipovic/workspace/n8n/packages/workflow
n8n-workflow:build: > tsc --build tsconfig.build.esm.json tsconfig.build.cjs.json
n8n-workflow:build: 
@n8n/decorators:build: cache hit, replaying logs 68bfbf13cb99bdde
@n8n/decorators:build: 
@n8n/decorators:build: > @n8n/decorators@1.11.0 build /Users/miloradfilipovic/workspace/n8n/packages/@n8n/decorators
@n8n/decorators:build: > tsc -p tsconfig.build.json
@n8n/decorators:build: 
@n8n/backend-common:build: cache hit, replaying logs 58a80340eadb34b3
@n8n/backend-common:build: 
@n8n/backend-common:build: > @n8n/backend-common@1.11.0 build /Users/miloradfilipovic/workspace/n8n/packages/@n8n/backend-common
@n8n/backend-common:build: > tsc -p tsconfig.build.json
@n8n/backend-common:build: 
@n8n/workflow-sdk:build: cache hit, replaying logs 8a588d56303f5984
@n8n/workflow-sdk:build: 
@n8n/workflow-sdk:build: > @n8n/workflow-sdk@0.4.0 build /Users/miloradfilipovic/workspace/n8n/packages/@n8n/workflow-sdk
@n8n/workflow-sdk:build: > tsc -p tsconfig.build.json
@n8n/workflow-sdk:build: 
@n8n/api-types:build: cache hit, replaying logs 264a7fb29c665af2
@n8n/api-types:build: 
@n8n/api-types:build: > @n8n/api-types@1.11.0 build /Users/miloradfilipovic/workspace/n8n/packages/@n8n/api-types
@n8n/api-types:build: > tsc -p tsconfig.build.json
@n8n/api-types:build: 
@n8n/ai-workflow-builder:build: cache miss, executing e734ef12c75f2bd3
@n8n/ai-workflow-builder:build: 
@n8n/ai-workflow-builder:build: > @n8n/ai-workflow-builder@1.11.0 build /Users/miloradfilipovic/workspace/n8n/packages/@n8n/ai-workflow-builder.ee
@n8n/ai-workflow-builder:build: > tsc -p ./tsconfig.build.json && tsc-alias -p tsconfig.build.json
@n8n/ai-workflow-builder:build: 

 Tasks:    14 successful, 14 total
Cached:    13 cached, 14 total
  Time:    3.736s 

