packages/@n8n/tournament                 |  WARN  The field "pnpm.overrides" was found in /Users/emilia/Workspace/fix-task-runr-process-te/packages/@n8n/tournament/package.json. This will not take effect. You should configure "pnpm.overrides" at the root of the workspace instead.

> @n8n/task-runner@2.28.0 build /Users/emilia/Workspace/fix-task-runr-process-te/packages/@n8n/task-runner
> tsc -p ./tsconfig.build.json && tsc-alias -p tsconfig.build.json

src/config/base-runner-config.ts(1,37): error TS2307: Cannot find module '@n8n/config' or its corresponding type declarations.
src/config/js-runner-config.ts(1,29): error TS2307: Cannot find module '@n8n/config' or its corresponding type declarations.
src/config/main-config.ts(1,32): error TS2307: Cannot find module '@n8n/config' or its corresponding type declarations.
src/config/sentry-config.ts(1,47): error TS2307: Cannot find module '@n8n/config' or its corresponding type declarations.
src/data-request/data-request-response-reconstruct.ts(1,77): error TS2307: Cannot find module 'n8n-workflow' or its corresponding type declarations.
src/health-check-server.ts(1,34): error TS2307: Cannot find module 'n8n-workflow' or its corresponding type declarations.
src/js-task-runner/built-ins-parser/built-ins-parser.ts(4,29): error TS2307: Cannot find module 'n8n-workflow' or its corresponding type declarations.
src/js-task-runner/built-ins-parser/built-ins-parser.ts(5,26): error TS2307: Cannot find module 'n8n-workflow' or its corresponding type declarations.
src/js-task-runner/errors/disallowed-module.error.ts(1,27): error TS2307: Cannot find module 'n8n-workflow' or its corresponding type declarations.
src/js-task-runner/errors/task-cancelled-error.ts(1,34): error TS2307: Cannot find module 'n8n-workflow' or its corresponding type declarations.
src/js-task-runner/errors/timeout-error.ts(1,34): error TS2307: Cannot find module 'n8n-workflow' or its corresponding type declarations.
src/js-task-runner/errors/unsupported-function.error.ts(1,27): error TS2307: Cannot find module 'n8n-workflow' or its corresponding type declarations.
src/js-task-runner/js-task-runner.ts(4,35): error TS2307: Cannot find module 'n8n-core' or its corresponding type declarations.
src/js-task-runner/js-task-runner.ts(5,72): error TS2307: Cannot find module 'n8n-workflow' or its corresponding type declarations.
src/js-task-runner/js-task-runner.ts(21,8): error TS2307: Cannot find module 'n8n-workflow' or its corresponding type declarations.
src/js-task-runner/js-task-runner.ts(583,25): error TS7006: Parameter 'node' implicitly has an 'any' type.
src/js-task-runner/js-task-runner.ts(589,56): error TS2345: Argument of type 'unknown[]' is not assignable to parameter of type 'NeededNodeType[]'.
  Type 'unknown' is not assignable to type 'NeededNodeType'.
src/js-task-runner/require-resolver.ts(37,29): error TS2345: Argument of type 'DisallowedModuleError' is not assignable to parameter of type 'ErrorLike'.
  Property 'message' is missing in type 'DisallowedModuleError' but required in type 'ErrorLike'.
src/message-types.ts(1,47): error TS2307: Cannot find module 'n8n-workflow' or its corresponding type declarations.
src/node-types.ts(8,8): error TS2307: Cannot find module 'n8n-workflow' or its corresponding type declarations.
src/runner-types.ts(16,8): error TS2307: Cannot find module 'n8n-workflow' or its corresponding type declarations.
src/start.ts(1,27): error TS2307: Cannot find module '@n8n/di' or its corresponding type declarations.
src/start.ts(2,45): error TS2307: Cannot find module 'n8n-workflow' or its corresponding type declarations.
src/start.ts(78,9): error TS18048: 'sentry' is possibly 'undefined'.
src/task-runner-sentry.ts(1,25): error TS2307: Cannot find module '@n8n/di' or its corresponding type declarations.
src/task-runner-sentry.ts(3,31): error TS2307: Cannot find module 'n8n-core' or its corresponding type declarations.
src/task-runner.ts(1,46): error TS2307: Cannot find module 'n8n-core' or its corresponding type declarations.
src/task-runner.ts(2,75): error TS2307: Cannot find module 'n8n-workflow' or its corresponding type declarations.
/Users/emilia/Workspace/fix-task-runr-process-te/packages/@n8n/task-runner:
 ERR_PNPM_RECURSIVE_RUN_FIRST_FAIL  @n8n/task-runner@2.28.0 build: `tsc -p ./tsconfig.build.json && tsc-alias -p tsconfig.build.json`
Exit status 2
